<?xml version="1.0" encoding="UTF-8"?>
<!-- Generated by org.testng.reporters.JUnitXMLReporter -->
<testsuite hostname="GS-5241" ignored="2" name="Default test" tests="1" failures="0" timestamp="20 Mar 2020 06:13:27 GMT" time="5.249" errors="0">
  <testcase name="userIdAsSpecialChar" time="5.217" classname="apiTest.UserTest"/>
  <testcase name="userIdAsZero" time="0.0" classname="apiTest.UserTest">
    <ignored/>
  </testcase> <!-- userIdAsZero -->
  <testcase name="userData" time="0.0" classname="apiTest.UserTest">
    <ignored/>
  </testcase> <!-- userData -->
</testsuite> <!-- Default test -->
