<?xml version="1.0" encoding="UTF-8"?>
<!-- Generated by org.testng.reporters.JUnitXMLReporter -->
<testsuite hostname="GS-5241" ignored="5" name="Default test" tests="1" failures="0" timestamp="21 Mar 2020 06:28:53 GMT" time="7.181" errors="0">
  <testcase name="userIdAsPrefixZero" time="7.127" classname="apiTest.UserTest"/>
  <testcase name="userforPageAsText" time="0.0" classname="apiTest.UserTest">
    <ignored/>
  </testcase> <!-- userforPageAsText -->
  <testcase name="userIdAsSpecialChar" time="0.0" classname="apiTest.UserTest">
    <ignored/>
  </testcase> <!-- userIdAsSpecialChar -->
  <testcase name="userforPagetwo" time="0.0" classname="apiTest.UserTest">
    <ignored/>
  </testcase> <!-- userforPagetwo -->
  <testcase name="userIdAsZero" time="0.0" classname="apiTest.UserTest">
    <ignored/>
  </testcase> <!-- userIdAsZero -->
  <testcase name="userData" time="0.0" classname="apiTest.UserTest">
    <ignored/>
  </testcase> <!-- userData -->
</testsuite> <!-- Default test -->
