<?xml version="1.0" encoding="UTF-8"?>
<!-- Generated by org.testng.reporters.JUnitXMLReporter -->
<testsuite hostname="DESKTOP-23FCP2N" ignored="4" name="Assignment" tests="5" failures="0" timestamp="20 Oct 2019 02:17:30 GMT" time="8.758" errors="0">
  <testcase name="countBooks" time="2.787" classname="apiTest.BookTest"/>
  <testcase name="checkMovieAuth" time="1.046" classname="apiTest.MoviesTest"/>
  <testcase name="verifyTrilogy" time="0.858" classname="apiTest.MoviesTest"/>
  <testcase name="LotrQuotes" time="2.54" classname="apiTest.QuotesTest"/>
  <testcase name="NonLotrMoviesQuotes" time="1.495" classname="apiTest.QuotesTest"/>
  <testcase name="@BeforeSuite config" time="0.0" classname="utils.BaseTest">
    <ignored/>
  </testcase> <!-- @BeforeSuite config -->
  <testcase name="@BeforeSuite config" time="0.0" classname="utils.BaseTest">
    <ignored/>
  </testcase> <!-- @BeforeSuite config -->
  <testcase name="@AfterSuite endReport" time="0.0" classname="utils.BaseTest">
    <ignored/>
  </testcase> <!-- @AfterSuite endReport -->
  <testcase name="@AfterSuite endReport" time="0.0" classname="utils.BaseTest">
    <ignored/>
  </testcase> <!-- @AfterSuite endReport -->
</testsuite> <!-- Assignment -->
